00:43:50,213 DEBUG BaseTest:57 - [ Chrome Browser Launched ]
00:43:50,745 DEBUG BaseTest:82 - [ Navigated to: https://homeservice-preprod.blackbox.blackbox.nobroker.in/]
00:43:55,199 DEBUG Customer_login:18 - Entering Phone:94539262000 Entering Name:NewTestN8Ksl Entering Email:NewTestN8Ksl1807@gmail.com
00:43:58,560 DEBUG BaseTest:92 - [ Test Execution Completed ]
00:43:58,575 DEBUG _Log4jLoggerFactory$Log4jLogger:45 - Couldn't find template in cache for "spark/spark.spa.ftl"("en_IN", UTF-8, parsed); will try to load it.
00:43:58,575 DEBUG _Log4jLoggerFactory$Log4jLogger:45 - TemplateLoader.findTemplateSource("spark/spark.spa_en_IN.ftl"): Not found
00:43:58,576 DEBUG _Log4jLoggerFactory$Log4jLogger:45 - TemplateLoader.findTemplateSource("spark/spark.spa_en.ftl"): Not found
00:43:58,577 DEBUG _Log4jLoggerFactory$Log4jLogger:45 - TemplateLoader.findTemplateSource("spark/spark.spa.ftl"): Found
00:43:58,577 DEBUG _Log4jLoggerFactory$Log4jLogger:45 - Loading template for "spark/spark.spa.ftl"("en_IN", UTF-8, parsed) from "jar:file:/home/milind/.m2/repository/com/aventstack/extentreports/5.0.9/extentreports-5.0.9.jar!/com/aventstack/extentreports/templates/spark/spark.spa.ftl"
00:43:58,609 DEBUG _Log4jLoggerFactory$Log4jLogger:45 - Couldn't find template in cache for "commons/commons-variables.ftl"("en_IN", UTF-8, parsed); will try to load it.
00:43:58,610 DEBUG _Log4jLoggerFactory$Log4jLogger:45 - TemplateLoader.findTemplateSource("commons/commons-variables_en_IN.ftl"): Not found
00:43:58,610 DEBUG _Log4jLoggerFactory$Log4jLogger:45 - TemplateLoader.findTemplateSource("commons/commons-variables_en.ftl"): Not found
00:43:58,610 DEBUG _Log4jLoggerFactory$Log4jLogger:45 - TemplateLoader.findTemplateSource("commons/commons-variables.ftl"): Found
00:43:58,610 DEBUG _Log4jLoggerFactory$Log4jLogger:45 - Loading template for "commons/commons-variables.ftl"("en_IN", UTF-8, parsed) from "jar:file:/home/milind/.m2/repository/com/aventstack/extentreports/5.0.9/extentreports-5.0.9.jar!/com/aventstack/extentreports/templates/commons/commons-variables.ftl"
00:43:58,665 DEBUG _Log4jLoggerFactory$Log4jLogger:45 - Couldn't find template in cache for "commons/commons-macros.ftl"("en_IN", UTF-8, parsed); will try to load it.
00:43:58,666 DEBUG _Log4jLoggerFactory$Log4jLogger:45 - TemplateLoader.findTemplateSource("commons/commons-macros_en_IN.ftl"): Not found
00:43:58,666 DEBUG _Log4jLoggerFactory$Log4jLogger:45 - TemplateLoader.findTemplateSource("commons/commons-macros_en.ftl"): Not found
00:43:58,666 DEBUG _Log4jLoggerFactory$Log4jLogger:45 - TemplateLoader.findTemplateSource("commons/commons-macros.ftl"): Found
00:43:58,666 DEBUG _Log4jLoggerFactory$Log4jLogger:45 - Loading template for "commons/commons-macros.ftl"("en_IN", UTF-8, parsed) from "jar:file:/home/milind/.m2/repository/com/aventstack/extentreports/5.0.9/extentreports-5.0.9.jar!/com/aventstack/extentreports/templates/commons/commons-macros.ftl"
00:43:58,676 DEBUG _Log4jLoggerFactory$Log4jLogger:45 - Couldn't find template in cache for "spark/macros/attributes.ftl"("en_IN", UTF-8, parsed); will try to load it.
00:43:58,677 DEBUG _Log4jLoggerFactory$Log4jLogger:45 - TemplateLoader.findTemplateSource("spark/macros/attributes_en_IN.ftl"): Not found
00:43:58,677 DEBUG _Log4jLoggerFactory$Log4jLogger:45 - TemplateLoader.findTemplateSource("spark/macros/attributes_en.ftl"): Not found
00:43:58,678 DEBUG _Log4jLoggerFactory$Log4jLogger:45 - TemplateLoader.findTemplateSource("spark/macros/attributes.ftl"): Found
00:43:58,678 DEBUG _Log4jLoggerFactory$Log4jLogger:45 - Loading template for "spark/macros/attributes.ftl"("en_IN", UTF-8, parsed) from "jar:file:/home/milind/.m2/repository/com/aventstack/extentreports/5.0.9/extentreports-5.0.9.jar!/com/aventstack/extentreports/templates/spark/macros/attributes.ftl"
00:43:58,680 DEBUG _Log4jLoggerFactory$Log4jLogger:45 - Couldn't find template in cache for "spark/macros/log.ftl"("en_IN", UTF-8, parsed); will try to load it.
00:43:58,680 DEBUG _Log4jLoggerFactory$Log4jLogger:45 - TemplateLoader.findTemplateSource("spark/macros/log_en_IN.ftl"): Not found
00:43:58,681 DEBUG _Log4jLoggerFactory$Log4jLogger:45 - TemplateLoader.findTemplateSource("spark/macros/log_en.ftl"): Not found
00:43:58,681 DEBUG _Log4jLoggerFactory$Log4jLogger:45 - TemplateLoader.findTemplateSource("spark/macros/log.ftl"): Found
00:43:58,681 DEBUG _Log4jLoggerFactory$Log4jLogger:45 - Loading template for "spark/macros/log.ftl"("en_IN", UTF-8, parsed) from "jar:file:/home/milind/.m2/repository/com/aventstack/extentreports/5.0.9/extentreports-5.0.9.jar!/com/aventstack/extentreports/templates/spark/macros/log.ftl"
00:43:58,683 DEBUG _Log4jLoggerFactory$Log4jLogger:45 - Couldn't find template in cache for "spark/macros/recurse_nodes.ftl"("en_IN", UTF-8, parsed); will try to load it.
00:43:58,684 DEBUG _Log4jLoggerFactory$Log4jLogger:45 - TemplateLoader.findTemplateSource("spark/macros/recurse_nodes_en_IN.ftl"): Not found
00:43:58,684 DEBUG _Log4jLoggerFactory$Log4jLogger:45 - TemplateLoader.findTemplateSource("spark/macros/recurse_nodes_en.ftl"): Not found
00:43:58,684 DEBUG _Log4jLoggerFactory$Log4jLogger:45 - TemplateLoader.findTemplateSource("spark/macros/recurse_nodes.ftl"): Found
00:43:58,684 DEBUG _Log4jLoggerFactory$Log4jLogger:45 - Loading template for "spark/macros/recurse_nodes.ftl"("en_IN", UTF-8, parsed) from "jar:file:/home/milind/.m2/repository/com/aventstack/extentreports/5.0.9/extentreports-5.0.9.jar!/com/aventstack/extentreports/templates/spark/macros/recurse_nodes.ftl"
00:43:58,689 DEBUG _Log4jLoggerFactory$Log4jLogger:45 - "spark/macros/log.ftl"("en_IN", UTF-8, parsed) cached copy not yet stale; using cached.
00:43:58,689 DEBUG _Log4jLoggerFactory$Log4jLogger:45 - Couldn't find template in cache for "spark/macros/attr-common.ftl"("en_IN", UTF-8, parsed); will try to load it.
00:43:58,689 DEBUG _Log4jLoggerFactory$Log4jLogger:45 - TemplateLoader.findTemplateSource("spark/macros/attr-common_en_IN.ftl"): Not found
00:43:58,690 DEBUG _Log4jLoggerFactory$Log4jLogger:45 - TemplateLoader.findTemplateSource("spark/macros/attr-common_en.ftl"): Not found
00:43:58,690 DEBUG _Log4jLoggerFactory$Log4jLogger:45 - TemplateLoader.findTemplateSource("spark/macros/attr-common.ftl"): Found
00:43:58,690 DEBUG _Log4jLoggerFactory$Log4jLogger:45 - Loading template for "spark/macros/attr-common.ftl"("en_IN", UTF-8, parsed) from "jar:file:/home/milind/.m2/repository/com/aventstack/extentreports/5.0.9/extentreports-5.0.9.jar!/com/aventstack/extentreports/templates/spark/macros/attr-common.ftl"
00:43:58,698 DEBUG _Log4jLoggerFactory$Log4jLogger:45 - Couldn't find template in cache for "spark/partials/head.ftl"("en_IN", UTF-8, parsed); will try to load it.
00:43:58,698 DEBUG _Log4jLoggerFactory$Log4jLogger:45 - TemplateLoader.findTemplateSource("spark/partials/head_en_IN.ftl"): Not found
00:43:58,699 DEBUG _Log4jLoggerFactory$Log4jLogger:45 - TemplateLoader.findTemplateSource("spark/partials/head_en.ftl"): Not found
00:43:58,699 DEBUG _Log4jLoggerFactory$Log4jLogger:45 - TemplateLoader.findTemplateSource("spark/partials/head.ftl"): Found
00:43:58,700 DEBUG _Log4jLoggerFactory$Log4jLogger:45 - Loading template for "spark/partials/head.ftl"("en_IN", UTF-8, parsed) from "jar:file:/home/milind/.m2/repository/com/aventstack/extentreports/5.0.9/extentreports-5.0.9.jar!/com/aventstack/extentreports/templates/spark/partials/head.ftl"
00:43:58,703 DEBUG _Log4jLoggerFactory$Log4jLogger:45 - Couldn't find template in cache for "commons/commons-inject-css.ftl"("en_IN", UTF-8, parsed); will try to load it.
00:43:58,703 DEBUG _Log4jLoggerFactory$Log4jLogger:45 - TemplateLoader.findTemplateSource("commons/commons-inject-css_en_IN.ftl"): Not found
00:43:58,703 DEBUG _Log4jLoggerFactory$Log4jLogger:45 - TemplateLoader.findTemplateSource("commons/commons-inject-css_en.ftl"): Not found
00:43:58,704 DEBUG _Log4jLoggerFactory$Log4jLogger:45 - TemplateLoader.findTemplateSource("commons/commons-inject-css.ftl"): Found
00:43:58,704 DEBUG _Log4jLoggerFactory$Log4jLogger:45 - Loading template for "commons/commons-inject-css.ftl"("en_IN", UTF-8, parsed) from "jar:file:/home/milind/.m2/repository/com/aventstack/extentreports/5.0.9/extentreports-5.0.9.jar!/com/aventstack/extentreports/templates/commons/commons-inject-css.ftl"
00:43:58,705 DEBUG _Log4jLoggerFactory$Log4jLogger:45 - Couldn't find template in cache for "spark/partials/navbar.ftl"("en_IN", UTF-8, parsed); will try to load it.
00:43:58,705 DEBUG _Log4jLoggerFactory$Log4jLogger:45 - TemplateLoader.findTemplateSource("spark/partials/navbar_en_IN.ftl"): Not found
00:43:58,705 DEBUG _Log4jLoggerFactory$Log4jLogger:45 - TemplateLoader.findTemplateSource("spark/partials/navbar_en.ftl"): Not found
00:43:58,706 DEBUG _Log4jLoggerFactory$Log4jLogger:45 - TemplateLoader.findTemplateSource("spark/partials/navbar.ftl"): Found
00:43:58,706 DEBUG _Log4jLoggerFactory$Log4jLogger:45 - Loading template for "spark/partials/navbar.ftl"("en_IN", UTF-8, parsed) from "jar:file:/home/milind/.m2/repository/com/aventstack/extentreports/5.0.9/extentreports-5.0.9.jar!/com/aventstack/extentreports/templates/spark/partials/navbar.ftl"
00:43:58,713 DEBUG _Log4jLoggerFactory$Log4jLogger:45 - Couldn't find template in cache for "spark/partials/sidenav.ftl"("en_IN", UTF-8, parsed); will try to load it.
00:43:58,713 DEBUG _Log4jLoggerFactory$Log4jLogger:45 - TemplateLoader.findTemplateSource("spark/partials/sidenav_en_IN.ftl"): Not found
00:43:58,714 DEBUG _Log4jLoggerFactory$Log4jLogger:45 - TemplateLoader.findTemplateSource("spark/partials/sidenav_en.ftl"): Not found
00:43:58,714 DEBUG _Log4jLoggerFactory$Log4jLogger:45 - TemplateLoader.findTemplateSource("spark/partials/sidenav.ftl"): Found
00:43:58,714 DEBUG _Log4jLoggerFactory$Log4jLogger:45 - Loading template for "spark/partials/sidenav.ftl"("en_IN", UTF-8, parsed) from "jar:file:/home/milind/.m2/repository/com/aventstack/extentreports/5.0.9/extentreports-5.0.9.jar!/com/aventstack/extentreports/templates/spark/partials/sidenav.ftl"
00:43:58,726 DEBUG _Log4jLoggerFactory$Log4jLogger:45 - Couldn't find template in cache for "spark/partials/test.ftl"("en_IN", UTF-8, parsed); will try to load it.
00:43:58,727 DEBUG _Log4jLoggerFactory$Log4jLogger:45 - TemplateLoader.findTemplateSource("spark/partials/test_en_IN.ftl"): Not found
00:43:58,727 DEBUG _Log4jLoggerFactory$Log4jLogger:45 - TemplateLoader.findTemplateSource("spark/partials/test_en.ftl"): Not found
00:43:58,727 DEBUG _Log4jLoggerFactory$Log4jLogger:45 - TemplateLoader.findTemplateSource("spark/partials/test.ftl"): Found
00:43:58,728 DEBUG _Log4jLoggerFactory$Log4jLogger:45 - Loading template for "spark/partials/test.ftl"("en_IN", UTF-8, parsed) from "jar:file:/home/milind/.m2/repository/com/aventstack/extentreports/5.0.9/extentreports-5.0.9.jar!/com/aventstack/extentreports/templates/spark/partials/test.ftl"
00:43:58,741 DEBUG _Log4jLoggerFactory$Log4jLogger:45 - Couldn't find template in cache for "spark/partials/standard-content.ftl"("en_IN", UTF-8, parsed); will try to load it.
00:43:58,742 DEBUG _Log4jLoggerFactory$Log4jLogger:45 - TemplateLoader.findTemplateSource("spark/partials/standard-content_en_IN.ftl"): Not found
00:43:58,743 DEBUG _Log4jLoggerFactory$Log4jLogger:45 - TemplateLoader.findTemplateSource("spark/partials/standard-content_en.ftl"): Not found
00:43:58,743 DEBUG _Log4jLoggerFactory$Log4jLogger:45 - TemplateLoader.findTemplateSource("spark/partials/standard-content.ftl"): Found
00:43:58,744 DEBUG _Log4jLoggerFactory$Log4jLogger:45 - Loading template for "spark/partials/standard-content.ftl"("en_IN", UTF-8, parsed) from "jar:file:/home/milind/.m2/repository/com/aventstack/extentreports/5.0.9/extentreports-5.0.9.jar!/com/aventstack/extentreports/templates/spark/partials/standard-content.ftl"
00:43:58,748 DEBUG _Log4jLoggerFactory$Log4jLogger:45 - Couldn't find template in cache for "spark/partials/exception.ftl"("en_IN", UTF-8, parsed); will try to load it.
00:43:58,748 DEBUG _Log4jLoggerFactory$Log4jLogger:45 - TemplateLoader.findTemplateSource("spark/partials/exception_en_IN.ftl"): Not found
00:43:58,749 DEBUG _Log4jLoggerFactory$Log4jLogger:45 - TemplateLoader.findTemplateSource("spark/partials/exception_en.ftl"): Not found
00:43:58,750 DEBUG _Log4jLoggerFactory$Log4jLogger:45 - TemplateLoader.findTemplateSource("spark/partials/exception.ftl"): Found
00:43:58,750 DEBUG _Log4jLoggerFactory$Log4jLogger:45 - Loading template for "spark/partials/exception.ftl"("en_IN", UTF-8, parsed) from "jar:file:/home/milind/.m2/repository/com/aventstack/extentreports/5.0.9/extentreports-5.0.9.jar!/com/aventstack/extentreports/templates/spark/partials/exception.ftl"
00:43:58,751 DEBUG _Log4jLoggerFactory$Log4jLogger:45 - Couldn't find template in cache for "spark/partials/category.ftl"("en_IN", UTF-8, parsed); will try to load it.
00:43:58,751 DEBUG _Log4jLoggerFactory$Log4jLogger:45 - TemplateLoader.findTemplateSource("spark/partials/category_en_IN.ftl"): Not found
00:43:58,751 DEBUG _Log4jLoggerFactory$Log4jLogger:45 - TemplateLoader.findTemplateSource("spark/partials/category_en.ftl"): Not found
00:43:58,752 DEBUG _Log4jLoggerFactory$Log4jLogger:45 - TemplateLoader.findTemplateSource("spark/partials/category.ftl"): Found
00:43:58,752 DEBUG _Log4jLoggerFactory$Log4jLogger:45 - Loading template for "spark/partials/category.ftl"("en_IN", UTF-8, parsed) from "jar:file:/home/milind/.m2/repository/com/aventstack/extentreports/5.0.9/extentreports-5.0.9.jar!/com/aventstack/extentreports/templates/spark/partials/category.ftl"
00:43:58,753 DEBUG _Log4jLoggerFactory$Log4jLogger:45 - Couldn't find template in cache for "spark/partials/device.ftl"("en_IN", UTF-8, parsed); will try to load it.
00:43:58,753 DEBUG _Log4jLoggerFactory$Log4jLogger:45 - TemplateLoader.findTemplateSource("spark/partials/device_en_IN.ftl"): Not found
00:43:58,753 DEBUG _Log4jLoggerFactory$Log4jLogger:45 - TemplateLoader.findTemplateSource("spark/partials/device_en.ftl"): Not found
00:43:58,754 DEBUG _Log4jLoggerFactory$Log4jLogger:45 - TemplateLoader.findTemplateSource("spark/partials/device.ftl"): Found
00:43:58,754 DEBUG _Log4jLoggerFactory$Log4jLogger:45 - Loading template for "spark/partials/device.ftl"("en_IN", UTF-8, parsed) from "jar:file:/home/milind/.m2/repository/com/aventstack/extentreports/5.0.9/extentreports-5.0.9.jar!/com/aventstack/extentreports/templates/spark/partials/device.ftl"
00:43:58,755 DEBUG _Log4jLoggerFactory$Log4jLogger:45 - Couldn't find template in cache for "spark/partials/author.ftl"("en_IN", UTF-8, parsed); will try to load it.
00:43:58,755 DEBUG _Log4jLoggerFactory$Log4jLogger:45 - TemplateLoader.findTemplateSource("spark/partials/author_en_IN.ftl"): Not found
00:43:58,756 DEBUG _Log4jLoggerFactory$Log4jLogger:45 - TemplateLoader.findTemplateSource("spark/partials/author_en.ftl"): Not found
00:43:58,756 DEBUG _Log4jLoggerFactory$Log4jLogger:45 - TemplateLoader.findTemplateSource("spark/partials/author.ftl"): Found
00:43:58,756 DEBUG _Log4jLoggerFactory$Log4jLogger:45 - Loading template for "spark/partials/author.ftl"("en_IN", UTF-8, parsed) from "jar:file:/home/milind/.m2/repository/com/aventstack/extentreports/5.0.9/extentreports-5.0.9.jar!/com/aventstack/extentreports/templates/spark/partials/author.ftl"
00:43:58,757 DEBUG _Log4jLoggerFactory$Log4jLogger:45 - Couldn't find template in cache for "spark/partials/log.ftl"("en_IN", UTF-8, parsed); will try to load it.
00:43:58,757 DEBUG _Log4jLoggerFactory$Log4jLogger:45 - TemplateLoader.findTemplateSource("spark/partials/log_en_IN.ftl"): Not found
00:43:58,758 DEBUG _Log4jLoggerFactory$Log4jLogger:45 - TemplateLoader.findTemplateSource("spark/partials/log_en.ftl"): Not found
00:43:58,758 DEBUG _Log4jLoggerFactory$Log4jLogger:45 - TemplateLoader.findTemplateSource("spark/partials/log.ftl"): Found
00:43:58,758 DEBUG _Log4jLoggerFactory$Log4jLogger:45 - Loading template for "spark/partials/log.ftl"("en_IN", UTF-8, parsed) from "jar:file:/home/milind/.m2/repository/com/aventstack/extentreports/5.0.9/extentreports-5.0.9.jar!/com/aventstack/extentreports/templates/spark/partials/log.ftl"
00:43:58,759 DEBUG _Log4jLoggerFactory$Log4jLogger:45 - Couldn't find template in cache for "spark/partials/dashboard.ftl"("en_IN", UTF-8, parsed); will try to load it.
00:43:58,759 DEBUG _Log4jLoggerFactory$Log4jLogger:45 - TemplateLoader.findTemplateSource("spark/partials/dashboard_en_IN.ftl"): Not found
00:43:58,759 DEBUG _Log4jLoggerFactory$Log4jLogger:45 - TemplateLoader.findTemplateSource("spark/partials/dashboard_en.ftl"): Not found
00:43:58,760 DEBUG _Log4jLoggerFactory$Log4jLogger:45 - TemplateLoader.findTemplateSource("spark/partials/dashboard.ftl"): Found
00:43:58,760 DEBUG _Log4jLoggerFactory$Log4jLogger:45 - Loading template for "spark/partials/dashboard.ftl"("en_IN", UTF-8, parsed) from "jar:file:/home/milind/.m2/repository/com/aventstack/extentreports/5.0.9/extentreports-5.0.9.jar!/com/aventstack/extentreports/templates/spark/partials/dashboard.ftl"
00:43:58,793 DEBUG _Log4jLoggerFactory$Log4jLogger:45 - Couldn't find template in cache for "spark/partials/scripts.ftl"("en_IN", UTF-8, parsed); will try to load it.
00:43:58,793 DEBUG _Log4jLoggerFactory$Log4jLogger:45 - TemplateLoader.findTemplateSource("spark/partials/scripts_en_IN.ftl"): Not found
00:43:58,793 DEBUG _Log4jLoggerFactory$Log4jLogger:45 - TemplateLoader.findTemplateSource("spark/partials/scripts_en.ftl"): Not found
00:43:58,794 DEBUG _Log4jLoggerFactory$Log4jLogger:45 - TemplateLoader.findTemplateSource("spark/partials/scripts.ftl"): Found
00:43:58,794 DEBUG _Log4jLoggerFactory$Log4jLogger:45 - Loading template for "spark/partials/scripts.ftl"("en_IN", UTF-8, parsed) from "jar:file:/home/milind/.m2/repository/com/aventstack/extentreports/5.0.9/extentreports-5.0.9.jar!/com/aventstack/extentreports/templates/spark/partials/scripts.ftl"
00:43:58,795 DEBUG _Log4jLoggerFactory$Log4jLogger:45 - Couldn't find template in cache for "commons/commons-inject-js.ftl"("en_IN", UTF-8, parsed); will try to load it.
00:43:58,795 DEBUG _Log4jLoggerFactory$Log4jLogger:45 - TemplateLoader.findTemplateSource("commons/commons-inject-js_en_IN.ftl"): Not found
00:43:58,795 DEBUG _Log4jLoggerFactory$Log4jLogger:45 - TemplateLoader.findTemplateSource("commons/commons-inject-js_en.ftl"): Not found
00:43:58,795 DEBUG _Log4jLoggerFactory$Log4jLogger:45 - TemplateLoader.findTemplateSource("commons/commons-inject-js.ftl"): Found
00:43:58,795 DEBUG _Log4jLoggerFactory$Log4jLogger:45 - Loading template for "commons/commons-inject-js.ftl"("en_IN", UTF-8, parsed) from "jar:file:/home/milind/.m2/repository/com/aventstack/extentreports/5.0.9/extentreports-5.0.9.jar!/com/aventstack/extentreports/templates/commons/commons-inject-js.ftl"
